<?xml version="1.0" encoding="UTF-8"?>
<testng-results ignored="0" total="0" passed="0" failed="0" skipped="0">
  <reporter-output>
    <line>
      <![CDATA[Extent Report DirectoryC:\Users\Quazi\IdeaProjects\All project\Team5_WebAutomationFramework_Weekdays_Selinium_December2019\AmericanAirlines\target\surefire-reports\html]]>
    </line>
  </reporter-output>
  <suite started-at="2020-02-09T17:06:08 EST" name="Aetna Automation Script" finished-at="2020-02-09T17:06:08 EST" duration-ms="0">
    <groups>
    </groups>
    <test started-at="2020-02-09T17:06:08 EST" name="Americanairlines Home" finished-at="2020-02-09T17:06:08 EST" duration-ms="0">
      <class name="testhome.TestHomePage">
        <test-method is-config="true" signature="extentSetup(org.testng.ITestContext)[pri:0, instance:testhome.TestHomePage@657c8ad9]" started-at="2020-02-09T17:06:07 EST" name="extentSetup" finished-at="2020-02-09T17:06:08 EST" duration-ms="219" status="PASS">
          <params>
            <param index="0">
              <value>
                <![CDATA[org.testng.TestRunner@33f676f6]]>
              </value>
            </param>
          </params>
          <reporter-output>
            <line>
              <![CDATA[Extent Report DirectoryC:\Users\Quazi\IdeaProjects\All project\Team5_WebAutomationFramework_Weekdays_Selinium_December2019\AmericanAirlines\target\surefire-reports\html]]>
            </line>
          </reporter-output>
        </test-method> <!-- extentSetup -->
        <test-method is-config="true" signature="generateReport()[pri:0, instance:testhome.TestHomePage@657c8ad9]" started-at="2020-02-09T17:06:08 EST" name="generateReport" finished-at="2020-02-09T17:06:08 EST" duration-ms="234" status="PASS">
          <reporter-output>
          </reporter-output>
        </test-method> <!-- generateReport -->
      </class> <!-- testhome.TestHomePage -->
    </test> <!-- Americanairlines Home -->
  </suite> <!-- Aetna Automation Script -->
</testng-results>
