<?xml version="1.0" encoding="UTF-8"?>
<!-- Generated by org.testng.reporters.JUnitXMLReporter -->
<testsuite ignored="2" hostname="LAPTOP-DJBK0729" failures="0" tests="1" name="Surefire test" time="21.522" errors="0" timestamp="2020-02-09T16:30:11 EST">
  <testcase classname="testhome.TestGoMapfrePage" name="testGetPicture" time="13.643"/>
  <testcase classname="common.WebAPI" name="@AfterSuite generateReport" time="0.0">
    <ignored/>
  </testcase> <!-- @AfterSuite generateReport -->
  <testcase classname="common.WebAPI" name="@BeforeSuite extentSetup" time="0.0">
    <ignored/>
  </testcase> <!-- @BeforeSuite extentSetup -->
</testsuite> <!-- Surefire test -->
