<?xml version="1.0" encoding="UTF-8"?>
<testng-results ignored="0" total="0" passed="0" failed="0" skipped="0">
  <reporter-output>
    <line>
      <![CDATA[Extent Report DirectoryC:\Users\Quazi\IdeaProjects\All project\Team5_WebAutomationFramework_Weekdays_Selinium_December2019\WallsFergo\target\surefire-reports\html]]>
    </line>
  </reporter-output>
  <suite started-at="2020-02-09T17:06:44 EST" name="Surefire suite" finished-at="2020-02-09T17:06:44 EST" duration-ms="0">
    <groups>
    </groups>
    <test started-at="2020-02-09T17:06:44 EST" name="Surefire test" finished-at="2020-02-09T17:06:44 EST" duration-ms="0">
      <class name="testhome.TestHomePage">
        <test-method is-config="true" signature="extentSetup(org.testng.ITestContext)[pri:0, instance:testhome.TestHomePage@6a396c1e]" started-at="2020-02-09T17:06:43 EST" name="extentSetup" finished-at="2020-02-09T17:06:44 EST" duration-ms="203" status="PASS">
          <params>
            <param index="0">
              <value>
                <![CDATA[org.testng.TestRunner@29f7cefd]]>
              </value>
            </param>
          </params>
          <reporter-output>
            <line>
              <![CDATA[Extent Report DirectoryC:\Users\Quazi\IdeaProjects\All project\Team5_WebAutomationFramework_Weekdays_Selinium_December2019\WallsFergo\target\surefire-reports\html]]>
            </line>
          </reporter-output>
        </test-method> <!-- extentSetup -->
        <test-method is-config="true" signature="generateReport()[pri:0, instance:testhome.TestHomePage@6a396c1e]" started-at="2020-02-09T17:06:44 EST" name="generateReport" finished-at="2020-02-09T17:06:44 EST" duration-ms="234" status="PASS">
          <reporter-output>
          </reporter-output>
        </test-method> <!-- generateReport -->
      </class> <!-- testhome.TestHomePage -->
    </test> <!-- Surefire test -->
  </suite> <!-- Surefire suite -->
</testng-results>
